2022-02-17 15:54:47.383  INFO 9472 --- [restartedMain] c.s.f.r.FlightReservationApplication     : Starting FlightReservationApplication using Java 17.0.1 on Sumit-PC with PID 9472 (C:\Users\Sumit\git\repository\FlightReservation\FlightReservation\target\classes started by Sumit in C:\Users\Sumit\git\repository\FlightReservation\FlightReservation)
2022-02-17 15:54:47.384  INFO 9472 --- [restartedMain] c.s.f.r.FlightReservationApplication     : No active profile set, falling back to default profiles: default
2022-02-17 15:54:47.685  INFO 9472 --- [restartedMain] .s.d.r.c.RepositoryConfigurationDelegate : Bootstrapping Spring Data JPA repositories in DEFAULT mode.
2022-02-17 15:54:47.717  INFO 9472 --- [restartedMain] .s.d.r.c.RepositoryConfigurationDelegate : Finished Spring Data repository scanning in 31 ms. Found 4 JPA repository interfaces.
2022-02-17 15:54:47.942  INFO 9472 --- [restartedMain] o.s.b.w.embedded.tomcat.TomcatWebServer  : Tomcat initialized with port(s): 8080 (http)
2022-02-17 15:54:47.944  INFO 9472 --- [restartedMain] o.a.catalina.core.AprLifecycleListener   : An older version [1.2.24] of the Apache Tomcat Native library is installed, while Tomcat recommends a minimum version of [1.2.30]
2022-02-17 15:54:47.945  INFO 9472 --- [restartedMain] o.a.catalina.core.AprLifecycleListener   : Loaded Apache Tomcat Native library [1.2.24] using APR version [1.7.0].
2022-02-17 15:54:47.945  INFO 9472 --- [restartedMain] o.a.catalina.core.AprLifecycleListener   : APR capabilities: IPv6 [true], sendfile [true], accept filters [false], random [true], UDS [false].
2022-02-17 15:54:47.946  INFO 9472 --- [restartedMain] o.a.catalina.core.AprLifecycleListener   : APR/OpenSSL configuration: useAprConnector [false], useOpenSSL [true]
2022-02-17 15:54:47.947  INFO 9472 --- [restartedMain] o.a.catalina.core.AprLifecycleListener   : OpenSSL successfully initialized [OpenSSL 1.1.1g  21 Apr 2020]
2022-02-17 15:54:47.948  INFO 9472 --- [restartedMain] o.apache.catalina.core.StandardService   : Starting service [Tomcat]
2022-02-17 15:54:47.952  INFO 9472 --- [restartedMain] org.apache.catalina.core.StandardEngine  : Starting Servlet engine: [Apache Tomcat/9.0.56]
2022-02-17 15:54:48.131  INFO 9472 --- [restartedMain] org.apache.jasper.servlet.TldScanner     : At least one JAR was scanned for TLDs yet contained no TLDs. Enable debug logging for this logger for a complete list of JARs that were scanned but no TLDs were found in them. Skipping unneeded JARs during scanning can improve startup time and JSP compilation time.
2022-02-17 15:54:48.135  INFO 9472 --- [restartedMain] o.a.c.c.C.[Tomcat].[localhost].[/]       : Initializing Spring embedded WebApplicationContext
2022-02-17 15:54:48.136  INFO 9472 --- [restartedMain] w.s.c.ServletWebServerApplicationContext : Root WebApplicationContext: initialization completed in 749 ms
2022-02-17 15:54:48.216  INFO 9472 --- [restartedMain] com.zaxxer.hikari.HikariDataSource       : HikariPool-2 - Starting...
2022-02-17 15:54:48.223  INFO 9472 --- [restartedMain] com.zaxxer.hikari.HikariDataSource       : HikariPool-2 - Start completed.
2022-02-17 15:54:48.230  INFO 9472 --- [restartedMain] o.hibernate.jpa.internal.util.LogHelper  : HHH000204: Processing PersistenceUnitInfo [name: default]
2022-02-17 15:54:48.239  INFO 9472 --- [restartedMain] org.hibernate.dialect.Dialect            : HHH000400: Using dialect: org.hibernate.dialect.MySQL8Dialect
2022-02-17 15:54:48.346  INFO 9472 --- [restartedMain] o.h.e.t.j.p.i.JtaPlatformInitiator       : HHH000490: Using JtaPlatform implementation: [org.hibernate.engine.transaction.jta.platform.internal.NoJtaPlatform]
2022-02-17 15:54:48.347  INFO 9472 --- [restartedMain] j.LocalContainerEntityManagerFactoryBean : Initialized JPA EntityManagerFactory for persistence unit 'default'
2022-02-17 15:54:48.749  WARN 9472 --- [restartedMain] JpaBaseConfiguration$JpaWebConfiguration : spring.jpa.open-in-view is enabled by default. Therefore, database queries may be performed during view rendering. Explicitly configure spring.jpa.open-in-view to disable this warning
2022-02-17 15:54:48.833  INFO 9472 --- [restartedMain] o.s.b.a.w.s.WelcomePageHandlerMapping    : Adding welcome page: ServletContext resource [/index.html]
2022-02-17 15:54:48.897  INFO 9472 --- [restartedMain] o.s.b.d.a.OptionalLiveReloadServer       : LiveReload server is running on port 35729
2022-02-17 15:54:48.929  INFO 9472 --- [restartedMain] o.s.b.w.embedded.tomcat.TomcatWebServer  : Tomcat started on port(s): 8080 (http) with context path ''
2022-02-17 15:54:48.943  INFO 9472 --- [restartedMain] c.s.f.r.FlightReservationApplication     : Started FlightReservationApplication in 1.598 seconds (JVM running for 26.152)
2022-02-17 15:54:48.948  INFO 9472 --- [restartedMain] .ConditionEvaluationDeltaLoggingListener : Condition evaluation unchanged
2022-02-17 15:54:57.554  INFO 9472 --- [http-nio-8080-exec-1] o.a.c.c.C.[Tomcat].[localhost].[/]       : Initializing Spring DispatcherServlet 'dispatcherServlet'
2022-02-17 15:54:57.555  INFO 9472 --- [http-nio-8080-exec-1] o.s.web.servlet.DispatcherServlet        : Initializing Servlet 'dispatcherServlet'
2022-02-17 15:54:57.556  INFO 9472 --- [http-nio-8080-exec-1] o.s.web.servlet.DispatcherServlet        : Completed initialization in 1 ms
2022-02-17 15:55:32.816  INFO 9472 --- [Thread-7] j.LocalContainerEntityManagerFactoryBean : Closing JPA EntityManagerFactory for persistence unit 'default'
2022-02-17 15:55:32.818  INFO 9472 --- [Thread-7] com.zaxxer.hikari.HikariDataSource       : HikariPool-2 - Shutdown initiated...
2022-02-17 15:55:32.826  INFO 9472 --- [Thread-7] com.zaxxer.hikari.HikariDataSource       : HikariPool-2 - Shutdown completed.
2022-02-17 15:59:58.706  INFO 9472 --- [restartedMain] c.s.f.r.FlightReservationApplication     : Starting FlightReservationApplication using Java 17.0.1 on Sumit-PC with PID 9472 (C:\Users\Sumit\git\repository\FlightReservation\FlightReservation\target\classes started by Sumit in C:\Users\Sumit\git\repository\FlightReservation\FlightReservation)
2022-02-17 15:59:58.706  INFO 9472 --- [restartedMain] c.s.f.r.FlightReservationApplication     : No active profile set, falling back to default profiles: default
2022-02-17 15:59:58.896  INFO 9472 --- [restartedMain] .s.d.r.c.RepositoryConfigurationDelegate : Bootstrapping Spring Data JPA repositories in DEFAULT mode.
2022-02-17 15:59:58.922  INFO 9472 --- [restartedMain] .s.d.r.c.RepositoryConfigurationDelegate : Finished Spring Data repository scanning in 26 ms. Found 4 JPA repository interfaces.
2022-02-17 15:59:59.063  INFO 9472 --- [restartedMain] o.s.b.w.embedded.tomcat.TomcatWebServer  : Tomcat initialized with port(s): 8080 (http)
2022-02-17 15:59:59.064  INFO 9472 --- [restartedMain] o.a.catalina.core.AprLifecycleListener   : An older version [1.2.24] of the Apache Tomcat Native library is installed, while Tomcat recommends a minimum version of [1.2.30]
2022-02-17 15:59:59.064  INFO 9472 --- [restartedMain] o.a.catalina.core.AprLifecycleListener   : Loaded Apache Tomcat Native library [1.2.24] using APR version [1.7.0].
2022-02-17 15:59:59.064  INFO 9472 --- [restartedMain] o.a.catalina.core.AprLifecycleListener   : APR capabilities: IPv6 [true], sendfile [true], accept filters [false], random [true], UDS [false].
2022-02-17 15:59:59.064  INFO 9472 --- [restartedMain] o.a.catalina.core.AprLifecycleListener   : APR/OpenSSL configuration: useAprConnector [false], useOpenSSL [true]
2022-02-17 15:59:59.065  INFO 9472 --- [restartedMain] o.a.catalina.core.AprLifecycleListener   : OpenSSL successfully initialized [OpenSSL 1.1.1g  21 Apr 2020]
2022-02-17 15:59:59.066  INFO 9472 --- [restartedMain] o.apache.catalina.core.StandardService   : Starting service [Tomcat]
2022-02-17 15:59:59.066  INFO 9472 --- [restartedMain] org.apache.catalina.core.StandardEngine  : Starting Servlet engine: [Apache Tomcat/9.0.56]
2022-02-17 15:59:59.226  INFO 9472 --- [restartedMain] org.apache.jasper.servlet.TldScanner     : At least one JAR was scanned for TLDs yet contained no TLDs. Enable debug logging for this logger for a complete list of JARs that were scanned but no TLDs were found in them. Skipping unneeded JARs during scanning can improve startup time and JSP compilation time.
2022-02-17 15:59:59.228  INFO 9472 --- [restartedMain] o.a.c.c.C.[Tomcat-1].[localhost].[/]     : Initializing Spring embedded WebApplicationContext
2022-02-17 15:59:59.228  INFO 9472 --- [restartedMain] w.s.c.ServletWebServerApplicationContext : Root WebApplicationContext: initialization completed in 519 ms
2022-02-17 15:59:59.301  INFO 9472 --- [restartedMain] com.zaxxer.hikari.HikariDataSource       : HikariPool-6 - Starting...
2022-02-17 15:59:59.307  INFO 9472 --- [restartedMain] com.zaxxer.hikari.HikariDataSource       : HikariPool-6 - Start completed.
2022-02-17 15:59:59.313  INFO 9472 --- [restartedMain] o.hibernate.jpa.internal.util.LogHelper  : HHH000204: Processing PersistenceUnitInfo [name: default]
2022-02-17 15:59:59.322  INFO 9472 --- [restartedMain] org.hibernate.dialect.Dialect            : HHH000400: Using dialect: org.hibernate.dialect.MySQL8Dialect
2022-02-17 15:59:59.398  INFO 9472 --- [restartedMain] o.h.e.t.j.p.i.JtaPlatformInitiator       : HHH000490: Using JtaPlatform implementation: [org.hibernate.engine.transaction.jta.platform.internal.NoJtaPlatform]
2022-02-17 15:59:59.398  INFO 9472 --- [restartedMain] j.LocalContainerEntityManagerFactoryBean : Initialized JPA EntityManagerFactory for persistence unit 'default'
2022-02-17 15:59:59.673  WARN 9472 --- [restartedMain] JpaBaseConfiguration$JpaWebConfiguration : spring.jpa.open-in-view is enabled by default. Therefore, database queries may be performed during view rendering. Explicitly configure spring.jpa.open-in-view to disable this warning
2022-02-17 15:59:59.828  INFO 9472 --- [restartedMain] o.s.b.a.w.s.WelcomePageHandlerMapping    : Adding welcome page: ServletContext resource [/index.html]
2022-02-17 15:59:59.921  INFO 9472 --- [restartedMain] o.s.b.d.a.OptionalLiveReloadServer       : LiveReload server is running on port 35729
2022-02-17 15:59:59.947  INFO 9472 --- [restartedMain] o.s.b.w.embedded.tomcat.TomcatWebServer  : Tomcat started on port(s): 8080 (http) with context path ''
2022-02-17 15:59:59.957  INFO 9472 --- [restartedMain] c.s.f.r.FlightReservationApplication     : Started FlightReservationApplication in 1.301 seconds (JVM running for 337.167)
2022-02-17 15:59:59.961  INFO 9472 --- [restartedMain] .ConditionEvaluationDeltaLoggingListener : Condition evaluation unchanged
2022-02-17 16:00:02.934  INFO 9472 --- [http-nio-8080-exec-1] o.a.c.c.C.[Tomcat-1].[localhost].[/]     : Initializing Spring DispatcherServlet 'dispatcherServlet'
2022-02-17 16:00:02.934  INFO 9472 --- [http-nio-8080-exec-1] o.s.web.servlet.DispatcherServlet        : Initializing Servlet 'dispatcherServlet'
2022-02-17 16:00:02.935  INFO 9472 --- [http-nio-8080-exec-1] o.s.web.servlet.DispatcherServlet        : Completed initialization in 0 ms
2022-02-17 16:00:05.855 ERROR 9472 --- [http-nio-8080-exec-3] c.s.f.r.controller.UserController        : Inside home() of class UserController
2022-02-17 16:00:23.821  INFO 9472 --- [Thread-26] j.LocalContainerEntityManagerFactoryBean : Closing JPA EntityManagerFactory for persistence unit 'default'
2022-02-17 16:00:23.822  INFO 9472 --- [Thread-26] com.zaxxer.hikari.HikariDataSource       : HikariPool-6 - Shutdown initiated...
2022-02-17 16:00:23.826  INFO 9472 --- [Thread-26] com.zaxxer.hikari.HikariDataSource       : HikariPool-6 - Shutdown completed.
2022-02-17 16:00:23.931  INFO 9472 --- [restartedMain] c.s.f.r.FlightReservationApplication     : Starting FlightReservationApplication using Java 17.0.1 on Sumit-PC with PID 9472 (C:\Users\Sumit\git\repository\FlightReservation\FlightReservation\target\classes started by Sumit in C:\Users\Sumit\git\repository\FlightReservation\FlightReservation)
2022-02-17 16:00:23.931  INFO 9472 --- [restartedMain] c.s.f.r.FlightReservationApplication     : No active profile set, falling back to default profiles: default
2022-02-17 16:00:24.174  INFO 9472 --- [restartedMain] .s.d.r.c.RepositoryConfigurationDelegate : Bootstrapping Spring Data JPA repositories in DEFAULT mode.
2022-02-17 16:00:24.203  INFO 9472 --- [restartedMain] .s.d.r.c.RepositoryConfigurationDelegate : Finished Spring Data repository scanning in 28 ms. Found 4 JPA repository interfaces.
2022-02-17 16:00:24.362  INFO 9472 --- [restartedMain] o.s.b.w.embedded.tomcat.TomcatWebServer  : Tomcat initialized with port(s): 8080 (http)
2022-02-17 16:00:24.363  INFO 9472 --- [restartedMain] o.a.catalina.core.AprLifecycleListener   : An older version [1.2.24] of the Apache Tomcat Native library is installed, while Tomcat recommends a minimum version of [1.2.30]
2022-02-17 16:00:24.363  INFO 9472 --- [restartedMain] o.a.catalina.core.AprLifecycleListener   : Loaded Apache Tomcat Native library [1.2.24] using APR version [1.7.0].
2022-02-17 16:00:24.363  INFO 9472 --- [restartedMain] o.a.catalina.core.AprLifecycleListener   : APR capabilities: IPv6 [true], sendfile [true], accept filters [false], random [true], UDS [false].
2022-02-17 16:00:24.363  INFO 9472 --- [restartedMain] o.a.catalina.core.AprLifecycleListener   : APR/OpenSSL configuration: useAprConnector [false], useOpenSSL [true]
2022-02-17 16:00:24.364  INFO 9472 --- [restartedMain] o.a.catalina.core.AprLifecycleListener   : OpenSSL successfully initialized [OpenSSL 1.1.1g  21 Apr 2020]
2022-02-17 16:00:24.365  INFO 9472 --- [restartedMain] o.apache.catalina.core.StandardService   : Starting service [Tomcat]
2022-02-17 16:00:24.365  INFO 9472 --- [restartedMain] org.apache.catalina.core.StandardEngine  : Starting Servlet engine: [Apache Tomcat/9.0.56]
2022-02-17 16:00:24.485  INFO 9472 --- [restartedMain] org.apache.jasper.servlet.TldScanner     : At least one JAR was scanned for TLDs yet contained no TLDs. Enable debug logging for this logger for a complete list of JARs that were scanned but no TLDs were found in them. Skipping unneeded JARs during scanning can improve startup time and JSP compilation time.
2022-02-17 16:00:24.488  INFO 9472 --- [restartedMain] o.a.c.c.C.[Tomcat-1].[localhost].[/]     : Initializing Spring embedded WebApplicationContext
2022-02-17 16:00:24.489  INFO 9472 --- [restartedMain] w.s.c.ServletWebServerApplicationContext : Root WebApplicationContext: initialization completed in 554 ms
2022-02-17 16:00:24.531  INFO 9472 --- [restartedMain] com.zaxxer.hikari.HikariDataSource       : HikariPool-7 - Starting...
2022-02-17 16:00:24.536  INFO 9472 --- [restartedMain] com.zaxxer.hikari.HikariDataSource       : HikariPool-7 - Start completed.
2022-02-17 16:00:24.542  INFO 9472 --- [restartedMain] o.hibernate.jpa.internal.util.LogHelper  : HHH000204: Processing PersistenceUnitInfo [name: default]
2022-02-17 16:00:24.549  INFO 9472 --- [restartedMain] org.hibernate.dialect.Dialect            : HHH000400: Using dialect: org.hibernate.dialect.MySQL8Dialect
2022-02-17 16:00:24.609  INFO 9472 --- [restartedMain] o.h.e.t.j.p.i.JtaPlatformInitiator       : HHH000490: Using JtaPlatform implementation: [org.hibernate.engine.transaction.jta.platform.internal.NoJtaPlatform]
2022-02-17 16:00:24.609  INFO 9472 --- [restartedMain] j.LocalContainerEntityManagerFactoryBean : Initialized JPA EntityManagerFactory for persistence unit 'default'
2022-02-17 16:00:24.810  WARN 9472 --- [restartedMain] JpaBaseConfiguration$JpaWebConfiguration : spring.jpa.open-in-view is enabled by default. Therefore, database queries may be performed during view rendering. Explicitly configure spring.jpa.open-in-view to disable this warning
2022-02-17 16:00:24.881  INFO 9472 --- [restartedMain] o.s.b.a.w.s.WelcomePageHandlerMapping    : Adding welcome page: ServletContext resource [/index.html]
2022-02-17 16:00:24.928  INFO 9472 --- [restartedMain] o.s.b.d.a.OptionalLiveReloadServer       : LiveReload server is running on port 35729
2022-02-17 16:00:24.942  INFO 9472 --- [restartedMain] o.s.b.w.embedded.tomcat.TomcatWebServer  : Tomcat started on port(s): 8080 (http) with context path ''
2022-02-17 16:00:24.946  INFO 9472 --- [restartedMain] c.s.f.r.FlightReservationApplication     : Started FlightReservationApplication in 1.051 seconds (JVM running for 362.156)
2022-02-17 16:00:24.948  INFO 9472 --- [restartedMain] .ConditionEvaluationDeltaLoggingListener : Condition evaluation unchanged
2022-02-17 16:01:53.854  INFO 9472 --- [Thread-30] j.LocalContainerEntityManagerFactoryBean : Closing JPA EntityManagerFactory for persistence unit 'default'
2022-02-17 16:01:53.855  INFO 9472 --- [Thread-30] com.zaxxer.hikari.HikariDataSource       : HikariPool-7 - Shutdown initiated...
2022-02-17 16:01:53.864  INFO 9472 --- [Thread-30] com.zaxxer.hikari.HikariDataSource       : HikariPool-7 - Shutdown completed.
